[2025-11-02 10:40:44] [ERROR] PHP Error: Invalid characters passed for attempted conversion, these have been ignored {"file":"C:\\Users\\pablo\\Mis_Programas\\PHP\\PaginaJoaco\\Sistema\\CargaConfiguracion.php","line":247,"errno":8192}
[2025-11-02 10:43:01] [ERROR] PHP Error: Invalid characters passed for attempted conversion, these have been ignored {"file":"C:\\Users\\pablo\\Mis_Programas\\PHP\\PaginaJoaco\\Sistema\\CargaConfiguracion.php","line":247,"errno":8192}
[2025-11-02 10:45:43] [ERROR] Uncaught Exception: Class "DB_pg_connection" not found {"file":"C:\\Users\\pablo\\Mis_Programas\\PHP\\PaginaJoaco\\BaseDatos\\Base.php","line":59,"trace":"#0 C:\\Users\\pablo\\Mis_Programas\\PHP\\PaginaJoaco\\BaseDatos\\Base.php(160): BD->__construct()\n#1 {main}"}
[2025-11-02 10:48:49] [ERROR] Uncaught Exception: Call to undefined function pg_connect() {"file":"C:\\Users\\pablo\\Mis_Programas\\PHP\\PaginaJoaco\\BaseDatos\\Conexion.php","line":14,"trace":"#0 C:\\Users\\pablo\\Mis_Programas\\PHP\\PaginaJoaco\\BaseDatos\\Conexion.php(21): DB_pg_connection->__construct('192.168.0.96', '5433', 'profejoaco', 'joaco', 'joaquin', 'UTF8')\n#1 C:\\Users\\pablo\\Mis_Programas\\PHP\\PaginaJoaco\\BaseDatos\\Base.php(59): DB_pg_connection::getInstance('', '192.168.0.96', '5433', 'profejoaco', 'joaco', 'joaquin')\n#2 C:\\Users\\pablo\\Mis_Programas\\PHP\\PaginaJoaco\\BaseDatos\\Base.php(160): BD->__construct()\n#3 {main}"}
[2025-11-02 10:52:33] [ERROR] Uncaught Exception: Call to undefined function pg_connect() {"file":"C:\\Users\\pablo\\Mis_Programas\\PHP\\PaginaJoaco\\BaseDatos\\Conexion.php","line":14,"trace":"#0 C:\\Users\\pablo\\Mis_Programas\\PHP\\PaginaJoaco\\BaseDatos\\Conexion.php(21): DB_pg_connection->__construct('192.168.0.96', '5433', 'profejoaco', 'joaco', 'joaquin', 'UTF8')\n#1 C:\\Users\\pablo\\Mis_Programas\\PHP\\PaginaJoaco\\BaseDatos\\Base.php(59): DB_pg_connection::getInstance('', '192.168.0.96', '5433', 'profejoaco', 'joaco', 'joaquin')\n#2 C:\\Users\\pablo\\Mis_Programas\\PHP\\PaginaJoaco\\BaseDatos\\Base.php(160): BD->__construct()\n#3 {main}"}
[2025-11-02 10:58:00] [ERROR] PHP Error: Undefined variable $llave {"file":"C:\\Users\\pablo\\Mis_Programas\\PHP\\PaginaJoaco\\Sistema\\CargaConfiguracion.php","line":262,"errno":2}
[2025-11-02 13:24:17] [ERROR] PHP Error: Undefined variable $llave {"file":"C:\\Users\\pablo\\Mis_Programas\\PHP\\PaginaJoaco\\Sistema\\CargaConfiguracion.php","line":262,"errno":2}
[2025-11-02 13:28:44] [ERROR] PHP Error: Undefined variable $_llave {"file":"C:\\Users\\pablo\\Mis_Programas\\PHP\\PaginaJoaco\\Sistema\\CargaConfiguracion.php","line":263,"errno":2}
[2025-11-02 13:29:05] [ERROR] PHP Error: Invalid characters passed for attempted conversion, these have been ignored {"file":"C:\\Users\\pablo\\Mis_Programas\\PHP\\PaginaJoaco\\Sistema\\CargaConfiguracion.php","line":247,"errno":8192}
[2025-11-02 13:32:17] [ERROR] Uncaught Exception: Call to undefined function pg_connect() {"file":"C:\\Users\\pablo\\Mis_Programas\\PHP\\PaginaJoaco\\BaseDatos\\Conexion.php","line":14,"trace":"#0 C:\\Users\\pablo\\Mis_Programas\\PHP\\PaginaJoaco\\BaseDatos\\Conexion.php(21): DB_pg_connection->__construct('192.168.0.96', '5433', 'profejoaco', 'joaco', 'joaquin', 'UTF8')\n#1 C:\\Users\\pablo\\Mis_Programas\\PHP\\PaginaJoaco\\BaseDatos\\Base.php(59): DB_pg_connection::getInstance('', '192.168.0.96', '5433', 'profejoaco', 'joaco', 'joaquin')\n#2 C:\\Users\\pablo\\Mis_Programas\\PHP\\PaginaJoaco\\BaseDatos\\Base.php(160): BD->__construct()\n#3 {main}"}
[2025-11-02 13:42:49] [ERROR] Uncaught Exception: Call to undefined function pg_connect() {"file":"C:\\Users\\pablo\\Mis_Programas\\PHP\\PaginaJoaco\\BaseDatos\\Conexion.php","line":14,"trace":"#0 C:\\Users\\pablo\\Mis_Programas\\PHP\\PaginaJoaco\\BaseDatos\\Conexion.php(21): DB_pg_connection->__construct('192.168.0.96', '5433', 'profejoaco', 'joaco', 'joaquin', 'UTF8')\n#1 C:\\Users\\pablo\\Mis_Programas\\PHP\\PaginaJoaco\\BaseDatos\\Base.php(59): DB_pg_connection::getInstance('', '192.168.0.96', '5433', 'profejoaco', 'joaco', 'joaquin')\n#2 C:\\Users\\pablo\\Mis_Programas\\PHP\\PaginaJoaco\\BaseDatos\\Base.php(160): BD->__construct()\n#3 {main}"}
[2025-11-02 13:47:27] [ERROR] Uncaught Exception: Call to undefined function pg_connect() {"file":"C:\\Users\\pablo\\Mis_Programas\\PHP\\PaginaJoaco\\BaseDatos\\Conexion.php","line":14,"trace":"#0 C:\\Users\\pablo\\Mis_Programas\\PHP\\PaginaJoaco\\BaseDatos\\Conexion.php(21): DB_pg_connection->__construct('192.168.0.96', '5433', 'profejoaco', 'joaco', 'joaquin', 'UTF8')\n#1 C:\\Users\\pablo\\Mis_Programas\\PHP\\PaginaJoaco\\BaseDatos\\Base.php(59): DB_pg_connection::getInstance('', '192.168.0.96', '5433', 'profejoaco', 'joaco', 'joaquin')\n#2 C:\\Users\\pablo\\Mis_Programas\\PHP\\PaginaJoaco\\BaseDatos\\Base.php(160): BD->__construct()\n#3 {main}"}
[2025-11-02 13:49:08] [ERROR] Uncaught Exception: Call to undefined function pg_connect() {"file":"C:\\Users\\pablo\\Mis_Programas\\PHP\\PaginaJoaco\\BaseDatos\\Conexion.php","line":14,"trace":"#0 C:\\Users\\pablo\\Mis_Programas\\PHP\\PaginaJoaco\\BaseDatos\\Conexion.php(21): DB_pg_connection->__construct('192.168.0.96', '5433', 'profejoaco', 'joaco', 'joaquin', 'UTF8')\n#1 C:\\Users\\pablo\\Mis_Programas\\PHP\\PaginaJoaco\\BaseDatos\\Base.php(59): DB_pg_connection::getInstance('', '192.168.0.96', '5433', 'profejoaco', 'joaco', 'joaquin')\n#2 C:\\Users\\pablo\\Mis_Programas\\PHP\\PaginaJoaco\\BaseDatos\\Base.php(161): BD->__construct()\n#3 {main}"}
[2025-11-02 14:26:10] [ERROR] PHP Error: pg_connect(): Unable to connect to PostgreSQL server: FATAL:  role "joaco" is not permitted to log in {"file":"C:\\Users\\pablo\\Mis_Programas\\PHP\\PaginaJoaco\\BaseDatos\\Conexion.php","line":14,"errno":2}
[2025-11-02 21:14:56] [ERROR] ERROR:  relation "joacosch.usuario" does not existLINE 1: select * from joacosch.usuario                       "select * from joacosch.usuario"
[2025-11-03 17:34:53] [ERROR] PHP Error: pg_connect(): Unable to connect to PostgreSQL server: could not connect to server: Connection timed out (0x0000274C/10060)
	Is the server running on host "192.168.1.34" and accepting
	TCP/IP connections on port 5433? {"file":"C:\\Users\\pablo\\Mis_Programas\\PHP\\PaginaJoaco\\BaseDatos\\Conexion.php","line":14,"errno":2}
[2025-11-03 17:35:58] [ERROR] PHP Error: pg_connect(): Unable to connect to PostgreSQL server: could not connect to server: Connection timed out (0x0000274C/10060)
	Is the server running on host "192.168.1.34" and accepting
	TCP/IP connections on port 5433? {"file":"C:\\Users\\pablo\\Mis_Programas\\PHP\\PaginaJoaco\\BaseDatos\\Conexion.php","line":14,"errno":2}
[2025-12-11 18:36:42] [ERROR] PHP Error: pg_connect(): Unable to connect to PostgreSQL server: could not connect to server: Connection timed out (0x0000274C/10060)
	Is the server running on host "192.168.1.34" and accepting
	TCP/IP connections on port 5433? {"file":"C:\\Users\\pablo\\Mis_Programas\\PHP\\PaginaJoaco\\BaseDatos\\Conexion.php","line":14,"errno":2}
[2025-12-11 18:37:38] [ERROR] PHP Error: pg_connect(): Unable to connect to PostgreSQL server: could not connect to server: Connection timed out (0x0000274C/10060)
	Is the server running on host "192.168.1.34" and accepting
	TCP/IP connections on port 5433? {"file":"C:\\Users\\pablo\\Mis_Programas\\PHP\\PaginaJoaco\\BaseDatos\\Conexion.php","line":14,"errno":2}
[2025-12-11 18:39:29] [ERROR] ERROR:  column "mm" does not exist
LINE 1: select mm from joacosch.ejercicios
               ^
 "select mm from joacosch.ejercicios"
[2025-12-11 18:40:09] [ERROR] ERROR:  relation "joacosc.ejercicios" does not exist
LINE 1: select * from joacosc.ejercicios
                      ^
 "select * from joacosc.ejercicios"
[2025-12-11 18:41:56] [ERROR] ERROR:  relation "joacosc.ejercicios" does not exist
LINE 1: select * from joacosc.ejercicios
                      ^
 "select * from joacosc.ejercicios"
[2025-12-11 18:42:47] [ERROR] ERROR:  relation "joacosc.ejercicios" does not exist
LINE 1: select * from joacosc.ejercicios
                      ^
 "select * from joacosc.ejercicios"
[2025-12-11 18:55:34] [ERROR] PHP Error: pg_connect(): Unable to connect to PostgreSQL server: could not connect to server: Connection refused (0x0000274D/10061)
	Is the server running on host "192.168.1.33" and accepting
	TCP/IP connections on port 5433? {"file":"C:\\Users\\pablo\\Mis_Programas\\PHP\\PaginaJoaco\\BaseDatos\\Conexion.php","line":14,"errno":2}
[2025-12-13 11:58:13] [ERROR] PHP Error: require(views/error.php): Failed to open stream: No such file or directory {"file":"C:\\Users\\pablo\\Mis_Programas\\PHP\\PaginaJoaco\\Controladores\\EjercicioController.php","line":16,"errno":2}
[2025-12-13 12:15:28] [ERROR] PHP Error: require(views/error.php): Failed to open stream: No such file or directory {"file":"C:\\Users\\pablo\\Mis_Programas\\PHP\\PaginaJoaco\\Controladores\\EjercicioController.php","line":20,"errno":2}
[2025-12-13 12:15:58] [ERROR] PHP Error: require(views/error.php): Failed to open stream: No such file or directory {"file":"C:\\Users\\pablo\\Mis_Programas\\PHP\\PaginaJoaco\\Controladores\\EjercicioController.php","line":20,"errno":2}
[2025-12-13 12:28:06] [ERROR] Uncaught Exception: Attempt to assign property "estado" on null {"file":"C:\\Users\\pablo\\Mis_Programas\\PHP\\PaginaJoaco\\Vista\\Ajax.php","line":121,"trace":"#0 {main}"}
[2025-12-13 12:35:55] [ERROR] Uncaught Exception: Attempt to assign property "estado" on null {"file":"C:\\Users\\pablo\\Mis_Programas\\PHP\\PaginaJoaco\\Vista\\Ajax.php","line":121,"trace":"#0 {main}"}
[2025-12-13 12:36:57] [ERROR] Uncaught Exception: Attempt to assign property "estado" on null {"file":"C:\\Users\\pablo\\Mis_Programas\\PHP\\PaginaJoaco\\Vista\\Ajax.php","line":121,"trace":"#0 {main}"}
[2025-12-13 12:37:37] [ERROR] Uncaught Exception: Attempt to assign property "estado" on null {"file":"C:\\Users\\pablo\\Mis_Programas\\PHP\\PaginaJoaco\\Vista\\Ajax.php","line":121,"trace":"#0 {main}"}
[2025-12-13 12:39:29] [ERROR] Uncaught Exception: Attempt to assign property "estado" on null {"file":"C:\\Users\\pablo\\Mis_Programas\\PHP\\PaginaJoaco\\Vista\\Ajax.php","line":121,"trace":"#0 {main}"}
[2025-12-13 12:41:30] [ERROR] Uncaught Exception: Attempt to assign property "estado" on null {"file":"C:\\Users\\pablo\\Mis_Programas\\PHP\\PaginaJoaco\\Vista\\Ajax.php","line":121,"trace":"#0 {main}"}
[2025-12-14 09:36:00] [ERROR] PHP Error: pg_connect(): Unable to connect to PostgreSQL server: could not connect to server: Connection timed out (0x0000274C/10060)
	Is the server running on host &quot;192.168.1.34&quot; and accepting
	TCP/IP connections on port 5433? {"file":"C:\\Users\\pablo\\Mis_Programas\\PHP\\PaginaJoaco\\BaseDatos\\Conexion.php","line":13,"errno":2}
[2025-12-14 09:39:30] [ERROR] PHP Error: pg_connect(): Unable to connect to PostgreSQL server: could not connect to server: Connection timed out (0x0000274C/10060)
	Is the server running on host &quot;192.168.1.34&quot; and accepting
	TCP/IP connections on port 5433? {"file":"C:\\Users\\pablo\\Mis_Programas\\PHP\\PaginaJoaco\\BaseDatos\\Conexion.php","line":13,"errno":2}
[2025-12-14 09:39:36] [ERROR] PHP Error: pg_connect(): Unable to connect to PostgreSQL server: could not connect to server: Connection timed out (0x0000274C/10060)
	Is the server running on host &quot;192.168.1.34&quot; and accepting
	TCP/IP connections on port 5433? {"file":"C:\\Users\\pablo\\Mis_Programas\\PHP\\PaginaJoaco\\BaseDatos\\Conexion.php","line":13,"errno":2}
[2025-12-14 20:02:13] [ERROR] PHP Error: pg_connect(): Unable to connect to PostgreSQL server: could not connect to server: Connection timed out (0x0000274C/10060)
	Is the server running on host &quot;192.168.1.34&quot; and accepting
	TCP/IP connections on port 5433? {"file":"C:\\Users\\pablo\\Mis_Programas\\PHP\\PaginaJoaco\\BaseDatos\\Conexion.php","line":13,"errno":2}
[2025-12-14 20:04:12] [ERROR] PHP Error: pg_connect(): Unable to connect to PostgreSQL server: could not connect to server: Connection refused (0x0000274D/10061)
	Is the server running on host &quot;192.168.1.34&quot; and accepting
	TCP/IP connections on port 5433? {"file":"C:\\Users\\pablo\\Mis_Programas\\PHP\\PaginaJoaco\\BaseDatos\\Conexion.php","line":13,"errno":2}
[2025-12-22 14:43:42] [ERROR] PHP Error: pg_connect(): Unable to connect to PostgreSQL server: could not connect to server: Connection timed out (0x0000274C/10060)
	Is the server running on host &quot;192.168.1.34&quot; and accepting
	TCP/IP connections on port 5433? {"file":"C:\\Users\\pablo\\Mis_Programas\\PHP\\PaginaJoaco\\BaseDatos\\Conexion.php","line":13,"errno":2}
[2025-12-22 18:17:52] [ERROR] PHP Error: pg_connect(): Unable to connect to PostgreSQL server: FATAL:  password authentication failed for user &quot;joaco&quot;
FATAL:  password authentication failed for user &quot;joaco&quot; {"file":"C:\\Users\\pablo\\Mis_Programas\\PHP\\PaginaJoaco\\BaseDatos\\Conexion.php","line":13,"errno":2}
[2025-12-22 18:18:06] [ERROR] PHP Error: pg_connect(): Unable to connect to PostgreSQL server: FATAL:  password authentication failed for user &quot;joaco&quot;
FATAL:  password authentication failed for user &quot;joaco&quot; {"file":"C:\\Users\\pablo\\Mis_Programas\\PHP\\PaginaJoaco\\BaseDatos\\Conexion.php","line":13,"errno":2}
[2025-12-22 18:22:30] [ERROR] PHP Error: pg_connect(): Unable to connect to PostgreSQL server: FATAL:  password authentication failed for user &quot;joaco&quot;
FATAL:  password authentication failed for user &quot;joaco&quot; {"file":"C:\\Users\\pablo\\Mis_Programas\\PHP\\PaginaJoaco\\BaseDatos\\Conexion.php","line":13,"errno":2}
[2025-12-22 18:25:19] [ERROR] PHP Error: pg_connect(): Unable to connect to PostgreSQL server: FATAL:  password authentication failed for user &quot;joaco&quot;
FATAL:  password authentication failed for user &quot;joaco&quot; {"file":"C:\\Users\\pablo\\Mis_Programas\\PHP\\PaginaJoaco\\BaseDatos\\Conexion.php","line":13,"errno":2}
[2025-12-22 18:25:22] [ERROR] PHP Error: pg_connect(): Unable to connect to PostgreSQL server: FATAL:  password authentication failed for user &quot;joaco&quot;
FATAL:  password authentication failed for user &quot;joaco&quot; {"file":"C:\\Users\\pablo\\Mis_Programas\\PHP\\PaginaJoaco\\BaseDatos\\Conexion.php","line":13,"errno":2}
[2025-12-22 18:28:48] [ERROR] PHP Error: pg_connect(): Unable to connect to PostgreSQL server: FATAL:  password authentication failed for user &quot;joaco&quot;
FATAL:  password authentication failed for user &quot;joaco&quot; {"file":"C:\\Users\\pablo\\Mis_Programas\\PHP\\PaginaJoaco\\BaseDatos\\Conexion.php","line":13,"errno":2}
[2025-12-22 18:34:25] [ERROR] PHP Error: pg_connect(): Unable to connect to PostgreSQL server: FATAL:  password authentication failed for user &quot;joaco&quot;
FATAL:  password authentication failed for user &quot;joaco&quot; {"file":"C:\\Users\\pablo\\Mis_Programas\\PHP\\PaginaJoaco\\BaseDatos\\Conexion.php","line":13,"errno":2}
[2025-12-22 18:36:53] [ERROR] PHP Error: pg_connect(): Unable to connect to PostgreSQL server: FATAL:  password authentication failed for user &quot;joaco&quot;
FATAL:  password authentication failed for user &quot;joaco&quot; {"file":"C:\\Users\\pablo\\Mis_Programas\\PHP\\PaginaJoaco\\BaseDatos\\Conexion.php","line":14,"errno":2}
[2025-12-22 18:40:02] [ERROR] PHP Error: pg_connect(): Unable to connect to PostgreSQL server: FATAL:  password authentication failed for user &quot;joaco&quot;
FATAL:  password authentication failed for user &quot;joaco&quot; {"file":"C:\\Users\\pablo\\Mis_Programas\\PHP\\PaginaJoaco\\BaseDatos\\Conexion.php","line":14,"errno":2}
[2025-12-22 18:49:58] [ERROR] PHP Error: pg_connect(): Unable to connect to PostgreSQL server: FATAL:  password authentication failed for user &quot;joaco&quot;
FATAL:  password authentication failed for user &quot;joaco&quot; {"file":"C:\\Users\\pablo\\Mis_Programas\\PHP\\PaginaJoaco\\BaseDatos\\Conexion.php","line":14,"errno":2}
[2025-12-22 19:20:08] [ERROR] PHP Error: pg_connect(): Unable to connect to PostgreSQL server: FATAL:  password authentication failed for user &quot;joaco&quot;
FATAL:  password authentication failed for user &quot;joaco&quot; {"file":"C:\\Users\\pablo\\Mis_Programas\\PHP\\PaginaJoaco\\BaseDatos\\Conexion.php","line":14,"errno":2}
[2025-12-22 19:20:54] [ERROR] PHP Error: pg_connect(): Unable to connect to PostgreSQL server: FATAL:  password authentication failed for user &quot;joaco&quot;
FATAL:  password authentication failed for user &quot;joaco&quot; {"file":"C:\\Users\\pablo\\Mis_Programas\\PHP\\PaginaJoaco\\BaseDatos\\Conexion.php","line":14,"errno":2}
[2025-12-22 19:23:59] [ERROR] PHP Error: pg_connect(): Unable to connect to PostgreSQL server: FATAL:  password authentication failed for user &quot;joaco&quot;
FATAL:  password authentication failed for user &quot;joaco&quot; {"file":"C:\\Users\\pablo\\Mis_Programas\\PHP\\PaginaJoaco\\BaseDatos\\Conexion.php","line":14,"errno":2}
[2025-12-23 14:37:56] [ERROR] PHP Error: Undefined variable $rta {"file":"C:\\Users\\pablo\\Mis_Programas\\PHP\\PaginaJoaco\\Vista\\Ajax.php","line":121,"errno":2}
[2025-12-25 21:04:07] [INFO] Consulta lenta {"sql":"select * from joacosch.ejercicios","time":"13183.35ms"}
[2025-12-25 21:04:43] [INFO] Consulta lenta {"sql":"select * from joacosch.ejercicios","time":"2245.88ms"}
[2025-12-25 21:16:41] [INFO] Consulta lenta {"sql":"select * from joacosch.ejercicios","time":"3981.43ms"}
[2025-12-25 21:19:35] [INFO] Consulta lenta {"sql":"select * from joacosch.ejercicios","time":"4505.49ms"}
[2025-12-25 21:42:45] [ERROR] Error SQL {"sql":"INSERT INTO joacosch.ejercicios (id, musculo, ejercicio, explicacion) VALUES ($1, $2, $3, $4) RETURNING id","params":[1766709727033,"dorsal","remo",""],"error":"ERROR:  value \"1766709727033\" is out of range for type integer\nLINE 1: ...ios (id, musculo, ejercicio, explicacion) VALUES ('176670972...\n                                                             ^","time":"6.01ms"}
[2025-12-25 21:42:45] [ERROR] Error en consulta {"sql":"INSERT INTO joacosch.ejercicios (id, musculo, ejercicio, explicacion) VALUES ($1, $2, $3, $4) RETURNING id","params":[1766709727033,"dorsal","remo",""],"exception":"ERROR:  value \"1766709727033\" is out of range for type integer\nLINE 1: ...ios (id, musculo, ejercicio, explicacion) VALUES ('176670972...\n                                                             ^"}
[2025-12-25 21:44:10] [ERROR] Error SQL {"sql":"INSERT INTO joacosch.ejercicios (id, musculo, ejercicio, explicacion) VALUES ($1, $2, $3, $4) RETURNING id","params":[1766709771096,"dorsal","remo",""],"error":"ERROR:  value \"1766709771096\" is out of range for type integer\nLINE 1: ...ios (id, musculo, ejercicio, explicacion) VALUES ('176670977...\n                                                             ^","time":"6.01ms"}
[2025-12-25 21:44:10] [ERROR] Error en consulta {"sql":"INSERT INTO joacosch.ejercicios (id, musculo, ejercicio, explicacion) VALUES ($1, $2, $3, $4) RETURNING id","params":[1766709771096,"dorsal","remo",""],"exception":"ERROR:  value \"1766709771096\" is out of range for type integer\nLINE 1: ...ios (id, musculo, ejercicio, explicacion) VALUES ('176670977...\n                                                             ^"}
[2025-12-25 21:50:07] [ERROR] Error SQL {"sql":"INSERT INTO joacosch.ejercicios (id, musculo, ejercicio, explicacion) VALUES ($1, $2, $3, $4) RETURNING id","params":[1766710181511,"dorsal","remo",""],"error":"ERROR:  value \"1766710181511\" is out of range for type integer\nLINE 1: ...ios (id, musculo, ejercicio, explicacion) VALUES ('176671018...\n                                                             ^","time":"7.79ms"}
[2025-12-25 21:50:07] [ERROR] Error en consulta {"sql":"INSERT INTO joacosch.ejercicios (id, musculo, ejercicio, explicacion) VALUES ($1, $2, $3, $4) RETURNING id","params":[1766710181511,"dorsal","remo",""],"exception":"ERROR:  value \"1766710181511\" is out of range for type integer\nLINE 1: ...ios (id, musculo, ejercicio, explicacion) VALUES ('176671018...\n                                                             ^"}
[2025-12-25 21:51:09] [ERROR] Error SQL {"sql":"INSERT INTO joacosch.ejercicios (musculo, ejercicio, explicacion) VALUES ($1, $2, $3) RETURNING id","params":["dorsal","remo",""],"error":"ERROR:  duplicate key value violates unique constraint \"ejercicios_pkey\"\nDETAIL:  Key (id)=(1) already exists.","time":"19.05ms"}
[2025-12-25 21:51:09] [ERROR] Error en consulta {"sql":"INSERT INTO joacosch.ejercicios (musculo, ejercicio, explicacion) VALUES ($1, $2, $3) RETURNING id","params":["dorsal","remo",""],"exception":"ERROR:  duplicate key value violates unique constraint \"ejercicios_pkey\"\nDETAIL:  Key (id)=(1) already exists."}
[2025-12-25 22:19:20] [ERROR] Error SQL {"sql":"INSERT INTE joacosch.ejercicios (musculo, ejercicio, explicacion) VALUES ($1, $2, $3) RETURNING id","params":["dorsal","remo",""],"error":"ERROR:  syntax error at or near \"INTE\"\nLINE 1: INSERT INTE joacosch.ejercicios (musculo, ejercicio, explica...\n               ^","time":"4.95ms"}
[2025-12-25 22:19:20] [ERROR] Error en consulta {"sql":"INSERT INTE joacosch.ejercicios (musculo, ejercicio, explicacion) VALUES ($1, $2, $3) RETURNING id","params":["dorsal","remo",""],"exception":"ERROR:  syntax error at or near \"INTE\"\nLINE 1: INSERT INTE joacosch.ejercicios (musculo, ejercicio, explica...\n               ^"}
[2025-12-25 22:19:38] [ERROR] Error SQL {"sql":"INSERT INTE joacosch.ejercicios (musculo, ejercicio, explicacion) VALUES ($1, $2, $3) RETURNING id","params":["dorsal","remo",""],"error":"ERROR:  syntax error at or near \"INTE\"\nLINE 1: INSERT INTE joacosch.ejercicios (musculo, ejercicio, explica...\n               ^","time":"1.84ms"}
[2025-12-25 22:19:38] [ERROR] Error en consulta {"sql":"INSERT INTE joacosch.ejercicios (musculo, ejercicio, explicacion) VALUES ($1, $2, $3) RETURNING id","params":["dorsal","remo",""],"exception":"ERROR:  syntax error at or near \"INTE\"\nLINE 1: INSERT INTE joacosch.ejercicios (musculo, ejercicio, explica...\n               ^"}
[2025-12-28 20:58:34] [INFO] Consulta lenta {"sql":"UPDATE joacosch.ejercicios SET musculo = $1, ejercicio = $2, explicacion = $3, id = $4 WHERE 0 = $5","time":"16102.96ms"}
[2025-12-28 21:20:40] [INFO] Consulta lenta {"sql":"UPDATE joacosch.ejercicios SET musculo = $1, ejercicio = $2, explicacion = $3, id = $4 WHERE id = $5","time":"3600.84ms"}
[2025-12-28 22:01:46] [INFO] Consulta lenta {"sql":"UPDATE joacosch.ejercicios SET musculo = $1, ejercicio = $2, explicacion = $3 WHERE id = $4","time":"70440.14ms"}
[2025-12-28 22:06:31] [INFO] Consulta lenta {"sql":"UPDATE joacosch.ejercicios SET musculo = $1, ejercicio = $2, explicacion = $3 WHERE id = $4","time":"3445.43ms"}
[2025-12-28 22:07:55] [INFO] Consulta lenta {"sql":"UPDATE joacosch.ejercicios SET musculo = $1, ejercicio = $2, explicacion = $3 WHERE id = $4","time":"6662.51ms"}
[2025-12-28 22:16:01] [INFO] Consulta lenta {"sql":"UPDATE joacosch.ejercicios SET musculo = $1, ejercicio = $2, explicacion = $3 WHERE id = $4","time":"7601.61ms"}
[2025-12-28 22:40:20] [INFO] Consulta lenta {"sql":"select * from joacosch.ejercicios","time":"20393.31ms"}
[2025-12-28 22:43:04] [INFO] Consulta lenta {"sql":"select * from joacosch.ejercicios","time":"4397.43ms"}
[2026-01-05 09:18:53] [ERROR] Error SQL {"sql":"DELETE FROM joacosch.ejercicios WHERE ID=Array","params":[],"error":"ERROR:  syntax error at end of input\nLINE 1: DELETE FROM joacosch.ejercicios WHERE ID=Array\n                                                      ^","time":"3.58ms"}
[2026-01-05 09:18:53] [ERROR] Error en consulta {"sql":"DELETE FROM joacosch.ejercicios WHERE ID=Array","params":[],"exception":"ERROR:  syntax error at end of input\nLINE 1: DELETE FROM joacosch.ejercicios WHERE ID=Array\n                                                      ^"}
[2026-01-05 09:22:30] [ERROR] Error SQL {"sql":"DELETE FROM joacosch.ejercicios WHERE ID=Array","params":[],"error":"ERROR:  syntax error at end of input\nLINE 1: DELETE FROM joacosch.ejercicios WHERE ID=Array\n                                                      ^","time":"3.41ms"}
[2026-01-05 09:22:30] [ERROR] Error en consulta {"sql":"DELETE FROM joacosch.ejercicios WHERE ID=Array","params":[],"exception":"ERROR:  syntax error at end of input\nLINE 1: DELETE FROM joacosch.ejercicios WHERE ID=Array\n                                                      ^"}
[2026-01-05 09:22:51] [ERROR] Error SQL {"sql":"DELETE FROM joacosch.ejercicios WHERE ID=Array","params":[],"error":"ERROR:  syntax error at end of input\nLINE 1: DELETE FROM joacosch.ejercicios WHERE ID=Array\n                                                      ^","time":"2.31ms"}
[2026-01-05 09:22:51] [ERROR] Error en consulta {"sql":"DELETE FROM joacosch.ejercicios WHERE ID=Array","params":[],"exception":"ERROR:  syntax error at end of input\nLINE 1: DELETE FROM joacosch.ejercicios WHERE ID=Array\n                                                      ^"}
[2026-01-05 09:24:12] [ERROR] Error SQL {"sql":"DELETE FROM joacosch.ejercicios WHERE ID=Array","params":[],"error":"ERROR:  syntax error at end of input\nLINE 1: DELETE FROM joacosch.ejercicios WHERE ID=Array\n                                                      ^","time":"5.73ms"}
[2026-01-05 09:24:12] [ERROR] Error en consulta {"sql":"DELETE FROM joacosch.ejercicios WHERE ID=Array","params":[],"exception":"ERROR:  syntax error at end of input\nLINE 1: DELETE FROM joacosch.ejercicios WHERE ID=Array\n                                                      ^"}
[2026-01-07 20:57:00] [ERROR] Error SQL {"sql":"INSERT INTO joacosch.usuarios (nombre, apellido, correo, fechaNacimiento) VALUES ($1, $2, $3, $4) RETURNING id","params":["Pablo","Gabriel","pablo@gmail.com","1962-07-27"],"error":"ERROR:  column \"fechanacimiento\" of relation \"usuarios\" does not exist\nLINE 1: ...INTO joacosch.usuarios (nombre, apellido, correo, fechaNacim...\n                                                             ^","time":"4.41ms"}
[2026-01-07 20:57:00] [ERROR] Error en consulta {"sql":"INSERT INTO joacosch.usuarios (nombre, apellido, correo, fechaNacimiento) VALUES ($1, $2, $3, $4) RETURNING id","params":["Pablo","Gabriel","pablo@gmail.com","1962-07-27"],"exception":"ERROR:  column \"fechanacimiento\" of relation \"usuarios\" does not exist\nLINE 1: ...INTO joacosch.usuarios (nombre, apellido, correo, fechaNacim...\n                                                             ^"}
[2026-01-07 21:07:20] [ERROR] Error SQL {"sql":"INSERT INTO joacosch.usuarios (nombre, apellido, correo, fechaNacimiento, fecharegistro) VALUES ($1, $2, $3, $4, $5) RETURNING id","params":["Pablo","Gabriel","pablo@gmail.com","1962-07-27",1767830840],"error":"ERROR:  column \"fechanacimiento\" of relation \"usuarios\" does not exist\nLINE 1: ...INTO joacosch.usuarios (nombre, apellido, correo, fechaNacim...\n                                                             ^","time":"3.37ms"}
[2026-01-07 21:07:20] [ERROR] Error en consulta {"sql":"INSERT INTO joacosch.usuarios (nombre, apellido, correo, fechaNacimiento, fecharegistro) VALUES ($1, $2, $3, $4, $5) RETURNING id","params":["Pablo","Gabriel","pablo@gmail.com","1962-07-27",1767830840],"exception":"ERROR:  column \"fechanacimiento\" of relation \"usuarios\" does not exist\nLINE 1: ...INTO joacosch.usuarios (nombre, apellido, correo, fechaNacim...\n                                                             ^"}
[2026-01-07 21:07:49] [ERROR] Error SQL {"sql":"INSERT INTO joacosch.usuarios (nombre, apellido, correo, fechanac, activo, fecharegistro) VALUES ($1, $2, $3, $4, $5, $6) RETURNING id","params":["Pablo","Gabriel","pablo@gmail.com","1962-07-27","si",1767830869],"error":"ERROR:  date\/time field value out of range: \"1767830869\"\nLINE 1: ...'Gabriel', 'pablo@gmail.com', '1962-07-27', 'si', '176783086...\n                                                             ^\nHINT:  Perhaps you need a different \"datestyle\" setting.","time":"4.49ms"}
[2026-01-07 21:07:49] [ERROR] Error en consulta {"sql":"INSERT INTO joacosch.usuarios (nombre, apellido, correo, fechanac, activo, fecharegistro) VALUES ($1, $2, $3, $4, $5, $6) RETURNING id","params":["Pablo","Gabriel","pablo@gmail.com","1962-07-27","si",1767830869],"exception":"ERROR:  date\/time field value out of range: \"1767830869\"\nLINE 1: ...'Gabriel', 'pablo@gmail.com', '1962-07-27', 'si', '176783086...\n                                                             ^\nHINT:  Perhaps you need a different \"datestyle\" setting."}
[2026-01-07 21:12:26] [ERROR] Error SQL {"sql":"INSERT INTO joacosch.usuarios (nombre, apellido, correo, fechanac, activo, fecharegistro) VALUES ($1, $2, $3, $4, $5, $6) RETURNING id","params":["Pablo","Gabriel","pablo@gmail.com","1962-07-27","si","2026-01-07 21:12:26"],"error":"ERROR:  null value in column \"comentario\" violates not-null constraint\nDETAIL:  Failing row contains (1, Pablo, Gabriel, pablo@gmail.com, 1962-07-27, si, 2026-01-07 21:12:26, null).","time":"6.05ms"}
[2026-01-07 21:12:26] [ERROR] Error en consulta {"sql":"INSERT INTO joacosch.usuarios (nombre, apellido, correo, fechanac, activo, fecharegistro) VALUES ($1, $2, $3, $4, $5, $6) RETURNING id","params":["Pablo","Gabriel","pablo@gmail.com","1962-07-27","si","2026-01-07 21:12:26"],"exception":"ERROR:  null value in column \"comentario\" violates not-null constraint\nDETAIL:  Failing row contains (1, Pablo, Gabriel, pablo@gmail.com, 1962-07-27, si, 2026-01-07 21:12:26, null)."}
[2026-01-08 20:13:03] [ERROR] Error SQL {"sql":"INSERT INTO joacosch.usuarios (nombre, apellido, correo, fechaNacimiento, comentarios, fecharegistro) VALUES ($1, $2, $3, $4, $5, $6) RETURNING id","params":["etr","re","ana.garcia@example.com1","1999-12-11",null,"2026-01-08 20:11:48"],"error":"ERROR:  column \"fechanacimiento\" of relation \"usuarios\" does not exist\nLINE 1: ...INTO joacosch.usuarios (nombre, apellido, correo, fechaNacim...\n                                                             ^","time":"8.48ms"}
[2026-01-08 20:13:03] [ERROR] Error en consulta {"sql":"INSERT INTO joacosch.usuarios (nombre, apellido, correo, fechaNacimiento, comentarios, fecharegistro) VALUES ($1, $2, $3, $4, $5, $6) RETURNING id","params":["etr","re","ana.garcia@example.com1","1999-12-11",null,"2026-01-08 20:11:48"],"exception":"ERROR:  column \"fechanacimiento\" of relation \"usuarios\" does not exist\nLINE 1: ...INTO joacosch.usuarios (nombre, apellido, correo, fechaNacim...\n                                                             ^"}
[2026-01-09 10:33:44] [ERROR] Error SQL {"sql":"UPDATE joacosch.Usuarios SET nombre = $1, apellido = $2, correo = $3, fechanac = $4, comentario = $5, id = $6 WHERE id = $7 RETURNING *","params":["Pablo","Gabriel","pablo@gmail.com","","ttt",2,2],"error":"ERROR:  invalid input syntax for type date: \"\"\nLINE 1: ...'Gabriel', correo = 'pablo@gmail.com', fechanac = '', coment...\n                                                             ^","time":"25.26ms"}
[2026-01-09 10:33:44] [ERROR] Error en consulta {"sql":"UPDATE joacosch.Usuarios SET nombre = $1, apellido = $2, correo = $3, fechanac = $4, comentario = $5, id = $6 WHERE id = $7 RETURNING *","params":["Pablo","Gabriel","pablo@gmail.com","","ttt",2,2],"exception":"ERROR:  invalid input syntax for type date: \"\"\nLINE 1: ...'Gabriel', correo = 'pablo@gmail.com', fechanac = '', coment...\n                                                             ^"}
[2026-01-09 19:47:23] [ERROR] Error SQL {"sql":"UPDATE joacosch.Usuarios SET nombre = $1, apellido = $2, correo = $3, fechanac = $4, comentario = $5, id = $6 WHERE id = $7 RETURNING *","params":["Pablo","Gabriel","pablo@gmail.com","","ttt",2,2],"error":"ERROR:  invalid input syntax for type date: \"\"\nLINE 1: ...'Gabriel', correo = 'pablo@gmail.com', fechanac = '', coment...\n                                                             ^","time":"3ms"}
[2026-01-09 19:47:23] [ERROR] Error en consulta {"sql":"UPDATE joacosch.Usuarios SET nombre = $1, apellido = $2, correo = $3, fechanac = $4, comentario = $5, id = $6 WHERE id = $7 RETURNING *","params":["Pablo","Gabriel","pablo@gmail.com","","ttt",2,2],"exception":"ERROR:  invalid input syntax for type date: \"\"\nLINE 1: ...'Gabriel', correo = 'pablo@gmail.com', fechanac = '', coment...\n                                                             ^"}
[2026-01-09 20:47:59] [INFO] Consulta lenta {"sql":"INSERT INTO joacosch.usuarios (nombre, apellido, correo, fechanac, comentario, fecharegistro) VALUES ($1, $2, $3, $4, $5, $6) RETURNING id","time":"6782.36ms"}
[2026-01-09 20:49:35] [ERROR] Error SQL {"sql":"UPDATE joacosch.Usuarios SET nombre = $1, apellido = $2, correo = $3, fechanac = $4, comentario = $5, id = $6 WHERE id = $7 RETURNING *","params":["Pablo","Gabriel","ana.garcia@example.com1","","sfd11",4,4],"error":"ERROR:  invalid input syntax for type date: \"\"\nLINE 1: ...', correo = 'ana.garcia@example.com1', fechanac = '', coment...\n                                                             ^","time":"4.61ms"}
[2026-01-09 20:49:35] [ERROR] Error en consulta {"sql":"UPDATE joacosch.Usuarios SET nombre = $1, apellido = $2, correo = $3, fechanac = $4, comentario = $5, id = $6 WHERE id = $7 RETURNING *","params":["Pablo","Gabriel","ana.garcia@example.com1","","sfd11",4,4],"exception":"ERROR:  invalid input syntax for type date: \"\"\nLINE 1: ...', correo = 'ana.garcia@example.com1', fechanac = '', coment...\n                                                             ^"}
[2026-01-09 21:09:13] [ERROR] Error SQL {"sql":"UPDATE joacosch.Usuarios SET nombre = $1, apellido = $2, correo = $3, fechanac = $4, edad = $5, comentario = $6, id = $7 WHERE id = $8 RETURNING *","params":["Pablo","Gabriel","pablo@gmail.com","",null,"22",2,2],"error":"ERROR:  invalid input syntax for type date: \"\"\nLINE 1: ...'Gabriel', correo = 'pablo@gmail.com', fechanac = '', edad =...\n                                                             ^","time":"4.21ms"}
[2026-01-09 21:09:13] [ERROR] Error en consulta {"sql":"UPDATE joacosch.Usuarios SET nombre = $1, apellido = $2, correo = $3, fechanac = $4, edad = $5, comentario = $6, id = $7 WHERE id = $8 RETURNING *","params":["Pablo","Gabriel","pablo@gmail.com","",null,"22",2,2],"exception":"ERROR:  invalid input syntax for type date: \"\"\nLINE 1: ...'Gabriel', correo = 'pablo@gmail.com', fechanac = '', edad =...\n                                                             ^"}
[2026-01-09 21:21:56] [ERROR] Error SQL {"sql":"UPDATE joacosch.Usuarios SET nombre = $1, apellido = $2, correo = $3, fechanac = $4, comentario = $5, id = $6 WHERE id = $7 RETURNING *","params":["Pablo","Gabriel","pablo@gmail.com","","22",2,2],"error":"ERROR:  invalid input syntax for type date: \"\"\nLINE 1: ...'Gabriel', correo = 'pablo@gmail.com', fechanac = '', coment...\n                                                             ^","time":"2.7ms"}
[2026-01-09 21:21:56] [ERROR] Error en consulta {"sql":"UPDATE joacosch.Usuarios SET nombre = $1, apellido = $2, correo = $3, fechanac = $4, comentario = $5, id = $6 WHERE id = $7 RETURNING *","params":["Pablo","Gabriel","pablo@gmail.com","","22",2,2],"exception":"ERROR:  invalid input syntax for type date: \"\"\nLINE 1: ...'Gabriel', correo = 'pablo@gmail.com', fechanac = '', coment...\n                                                             ^"}
[2026-01-09 21:21:57] [ERROR] Error SQL {"sql":"UPDATE joacosch.Usuarios SET nombre = $1, apellido = $2, correo = $3, fechanac = $4, edad = $5, comentario = $6, id = $7 WHERE id = $8 RETURNING *","params":["Pablo","Gabriel","pablo@gmail.com","",null,"22",2,2],"error":"ERROR:  invalid input syntax for type date: \"\"\nLINE 1: ...'Gabriel', correo = 'pablo@gmail.com', fechanac = '', edad =...\n                                                             ^","time":"3.59ms"}
[2026-01-09 21:21:57] [ERROR] Error en consulta {"sql":"UPDATE joacosch.Usuarios SET nombre = $1, apellido = $2, correo = $3, fechanac = $4, edad = $5, comentario = $6, id = $7 WHERE id = $8 RETURNING *","params":["Pablo","Gabriel","pablo@gmail.com","",null,"22",2,2],"exception":"ERROR:  invalid input syntax for type date: \"\"\nLINE 1: ...'Gabriel', correo = 'pablo@gmail.com', fechanac = '', edad =...\n                                                             ^"}
[2026-01-09 21:21:58] [ERROR] Error SQL {"sql":"UPDATE joacosch.Usuarios SET nombre = $1, apellido = $2, correo = $3, fechanac = $4, comentario = $5, id = $6 WHERE id = $7 RETURNING *","params":["Pablo","Gabriel","pablo@gmail.com","","22",2,2],"error":"ERROR:  invalid input syntax for type date: \"\"\nLINE 1: ...'Gabriel', correo = 'pablo@gmail.com', fechanac = '', coment...\n                                                             ^","time":"1.56ms"}
[2026-01-09 21:21:58] [ERROR] Error en consulta {"sql":"UPDATE joacosch.Usuarios SET nombre = $1, apellido = $2, correo = $3, fechanac = $4, comentario = $5, id = $6 WHERE id = $7 RETURNING *","params":["Pablo","Gabriel","pablo@gmail.com","","22",2,2],"exception":"ERROR:  invalid input syntax for type date: \"\"\nLINE 1: ...'Gabriel', correo = 'pablo@gmail.com', fechanac = '', coment...\n                                                             ^"}
[2026-01-10 14:10:07] [ERROR] Error SQL {"sql":"INSERT INTO joacosch.usuarios (nombre, apellido, correo, fechaNacimiento, comentarios, fecharegistro) VALUES ($1, $2, $3, $4, $5, $6) RETURNING id","params":["pablo","Gabriel","faran@gmail.com","1999-01-01","jhg","2026-01-10 14:09:40"],"error":"ERROR:  column \"fechanacimiento\" of relation \"usuarios\" does not exist\nLINE 1: ...INTO joacosch.usuarios (nombre, apellido, correo, fechaNacim...\n                                                             ^","time":"7.27ms"}
[2026-01-10 14:10:07] [ERROR] Error en consulta {"sql":"INSERT INTO joacosch.usuarios (nombre, apellido, correo, fechaNacimiento, comentarios, fecharegistro) VALUES ($1, $2, $3, $4, $5, $6) RETURNING id","params":["pablo","Gabriel","faran@gmail.com","1999-01-01","jhg","2026-01-10 14:09:40"],"exception":"ERROR:  column \"fechanacimiento\" of relation \"usuarios\" does not exist\nLINE 1: ...INTO joacosch.usuarios (nombre, apellido, correo, fechaNacim...\n                                                             ^"}
[2026-01-10 14:11:26] [ERROR] Error SQL {"sql":"INSERT INTO joacosch.usuarios (nombre, apellido, correo, fechaNacimiento, comentarios, fecharegistro) VALUES ($1, $2, $3, $4, $5, $6) RETURNING id","params":["pablo","Gabriel","faran@gmail.com","1999-01-01","sfdsaf","2026-01-10 14:11:17"],"error":"ERROR:  column \"fechanacimiento\" of relation \"usuarios\" does not exist\nLINE 1: ...INTO joacosch.usuarios (nombre, apellido, correo, fechaNacim...\n                                                             ^","time":"3.96ms"}
[2026-01-10 14:11:26] [ERROR] Error en consulta {"sql":"INSERT INTO joacosch.usuarios (nombre, apellido, correo, fechaNacimiento, comentarios, fecharegistro) VALUES ($1, $2, $3, $4, $5, $6) RETURNING id","params":["pablo","Gabriel","faran@gmail.com","1999-01-01","sfdsaf","2026-01-10 14:11:17"],"exception":"ERROR:  column \"fechanacimiento\" of relation \"usuarios\" does not exist\nLINE 1: ...INTO joacosch.usuarios (nombre, apellido, correo, fechaNacim...\n                                                             ^"}
[2026-01-10 14:12:49] [ERROR] Error SQL {"sql":"INSERT INTO joacosch.usuarios (nombre, apellido, correo, fechaNacimiento, comentarios, fecharegistro) VALUES ($1, $2, $3, $4, $5, $6) RETURNING id","params":["pablo","Gabriel","faran@gmail.com","1999-01-01","sfdsaf","2026-01-10 14:12:49"],"error":"ERROR:  column \"fechanacimiento\" of relation \"usuarios\" does not exist\nLINE 1: ...INTO joacosch.usuarios (nombre, apellido, correo, fechaNacim...\n                                                             ^","time":"1.49ms"}
[2026-01-10 14:12:49] [ERROR] Error en consulta {"sql":"INSERT INTO joacosch.usuarios (nombre, apellido, correo, fechaNacimiento, comentarios, fecharegistro) VALUES ($1, $2, $3, $4, $5, $6) RETURNING id","params":["pablo","Gabriel","faran@gmail.com","1999-01-01","sfdsaf","2026-01-10 14:12:49"],"exception":"ERROR:  column \"fechanacimiento\" of relation \"usuarios\" does not exist\nLINE 1: ...INTO joacosch.usuarios (nombre, apellido, correo, fechaNacim...\n                                                             ^"}
[2026-01-10 14:14:11] [ERROR] Error SQL {"sql":"INSERT INTO joacosch.usuarios (nombre, apellido, correo, fechanac, comentarios, fecharegistro) VALUES ($1, $2, $3, $4, $5, $6) RETURNING id","params":["pablo","Gabriel","faran@gmail.com","1999-01-01","15","2026-01-10 14:14:11"],"error":"ERROR:  column \"comentarios\" of relation \"usuarios\" does not exist\nLINE 1: ...sch.usuarios (nombre, apellido, correo, fechanac, comentario...\n                                                             ^","time":"3.18ms"}
[2026-01-10 14:14:11] [ERROR] Error en consulta {"sql":"INSERT INTO joacosch.usuarios (nombre, apellido, correo, fechanac, comentarios, fecharegistro) VALUES ($1, $2, $3, $4, $5, $6) RETURNING id","params":["pablo","Gabriel","faran@gmail.com","1999-01-01","15","2026-01-10 14:14:11"],"exception":"ERROR:  column \"comentarios\" of relation \"usuarios\" does not exist\nLINE 1: ...sch.usuarios (nombre, apellido, correo, fechanac, comentario...\n                                                             ^"}
[2026-01-10 14:14:57] [ERROR] Error SQL {"sql":"INSERT INTO joacosch.usuarios (nombre, apellido, correo, fechanac, comentarios, fecharegistro) VALUES ($1, $2, $3, $4, $5, $6) RETURNING id","params":["pablo","Gabriel","faran@gmail.com","1999-01-01","15","2026-01-10 14:14:57"],"error":"ERROR:  column \"comentarios\" of relation \"usuarios\" does not exist\nLINE 1: ...sch.usuarios (nombre, apellido, correo, fechanac, comentario...\n                                                             ^","time":"2.14ms"}
[2026-01-10 14:14:57] [ERROR] Error en consulta {"sql":"INSERT INTO joacosch.usuarios (nombre, apellido, correo, fechanac, comentarios, fecharegistro) VALUES ($1, $2, $3, $4, $5, $6) RETURNING id","params":["pablo","Gabriel","faran@gmail.com","1999-01-01","15","2026-01-10 14:14:57"],"exception":"ERROR:  column \"comentarios\" of relation \"usuarios\" does not exist\nLINE 1: ...sch.usuarios (nombre, apellido, correo, fechanac, comentario...\n                                                             ^"}
[2026-01-10 14:15:50] [ERROR] Error SQL {"sql":"INSERT INTO joacosch.usuarios (nombre, apellido, correo, fechanac, comentarios, fecharegistro) VALUES ($1, $2, $3, $4, $5, $6) RETURNING id","params":["pablo","Gabriel","faran@gmail.com","1999-01-01","15","2026-01-10 14:15:50"],"error":"ERROR:  column \"comentarios\" of relation \"usuarios\" does not exist\nLINE 1: ...sch.usuarios (nombre, apellido, correo, fechanac, comentario...\n                                                             ^","time":"2.79ms"}
[2026-01-10 14:15:50] [ERROR] Error en consulta {"sql":"INSERT INTO joacosch.usuarios (nombre, apellido, correo, fechanac, comentarios, fecharegistro) VALUES ($1, $2, $3, $4, $5, $6) RETURNING id","params":["pablo","Gabriel","faran@gmail.com","1999-01-01","15","2026-01-10 14:15:50"],"exception":"ERROR:  column \"comentarios\" of relation \"usuarios\" does not exist\nLINE 1: ...sch.usuarios (nombre, apellido, correo, fechanac, comentario...\n                                                             ^"}
[2026-03-16 08:51:19] [ERROR] Error SQL {"sql":"select p.id, p.nombre, p.descripcion, e.musculo, e.ejercicio from joacosch.planes p, joacosch.ejercicios e\r\n                                          where p.id_ejercicio=e.id","params":[],"error":"ERROR:  column e.musculo does not exist\nLINE 1: select p.id, p.nombre, p.descripcion, e.musculo, e.ejercicio...\n                                              ^","time":"21.38ms"}
[2026-03-16 08:51:19] [ERROR] Error en consulta {"sql":"select p.id, p.nombre, p.descripcion, e.musculo, e.ejercicio from joacosch.planes p, joacosch.ejercicios e\r\n                                          where p.id_ejercicio=e.id","params":[],"exception":"ERROR:  column e.musculo does not exist\nLINE 1: select p.id, p.nombre, p.descripcion, e.musculo, e.ejercicio...\n                                              ^"}
[2026-03-16 11:39:44] [ERROR] Error SQL {"sql":"select p.id, p.nombre, p.descripcion, e.musculo, e.ejercicio from joacosch.planes p, joacosch.ejercicios e\r\n                                          where p.id_ejercicio=e.id","params":[],"error":"ERROR:  column e.musculo does not exist\nLINE 1: select p.id, p.nombre, p.descripcion, e.musculo, e.ejercicio...\n                                              ^","time":"15.82ms"}
[2026-03-16 11:39:44] [ERROR] Error en consulta {"sql":"select p.id, p.nombre, p.descripcion, e.musculo, e.ejercicio from joacosch.planes p, joacosch.ejercicios e\r\n                                          where p.id_ejercicio=e.id","params":[],"exception":"ERROR:  column e.musculo does not exist\nLINE 1: select p.id, p.nombre, p.descripcion, e.musculo, e.ejercicio...\n                                              ^"}
[2026-03-16 11:40:09] [ERROR] Error SQL {"sql":"select p.id, p.nombre, p.descripcion, e.musculo, e.ejercicio from joacosch.planes p, joacosch.ejercicios e\r\n                                          where p.id_ejercicio=e.id","params":[],"error":"ERROR:  column e.musculo does not exist\nLINE 1: select p.id, p.nombre, p.descripcion, e.musculo, e.ejercicio...\n                                              ^","time":"5.79ms"}
[2026-03-16 11:40:09] [ERROR] Error en consulta {"sql":"select p.id, p.nombre, p.descripcion, e.musculo, e.ejercicio from joacosch.planes p, joacosch.ejercicios e\r\n                                          where p.id_ejercicio=e.id","params":[],"exception":"ERROR:  column e.musculo does not exist\nLINE 1: select p.id, p.nombre, p.descripcion, e.musculo, e.ejercicio...\n                                              ^"}
[2026-03-16 11:40:33] [ERROR] Error SQL {"sql":"select p.id, p.nombre, p.descripcion, e.musculo, e.ejercicio from joacosch.planes p, joacosch.ejercicios e\r\n                                          where p.id_ejercicio=e.id","params":[],"error":"ERROR:  column e.musculo does not exist\nLINE 1: select p.id, p.nombre, p.descripcion, e.musculo, e.ejercicio...\n                                              ^","time":"3.24ms"}
[2026-03-16 11:40:33] [ERROR] Error en consulta {"sql":"select p.id, p.nombre, p.descripcion, e.musculo, e.ejercicio from joacosch.planes p, joacosch.ejercicios e\r\n                                          where p.id_ejercicio=e.id","params":[],"exception":"ERROR:  column e.musculo does not exist\nLINE 1: select p.id, p.nombre, p.descripcion, e.musculo, e.ejercicio...\n                                              ^"}
[2026-03-16 11:41:32] [ERROR] Error SQL {"sql":"select p.id, p.nombre, p.descripcion, e.musculo, e.ejercicio from joacosch.planes p, joacosch.ejercicios e\r\n                                          where p.id_ejercicio=e.id","params":[],"error":"ERROR:  column e.musculo does not exist\nLINE 1: select p.id, p.nombre, p.descripcion, e.musculo, e.ejercicio...\n                                              ^","time":"4.95ms"}
[2026-03-16 11:41:32] [ERROR] Error en consulta {"sql":"select p.id, p.nombre, p.descripcion, e.musculo, e.ejercicio from joacosch.planes p, joacosch.ejercicios e\r\n                                          where p.id_ejercicio=e.id","params":[],"exception":"ERROR:  column e.musculo does not exist\nLINE 1: select p.id, p.nombre, p.descripcion, e.musculo, e.ejercicio...\n                                              ^"}
[2026-03-16 11:42:05] [ERROR] Error SQL {"sql":"select p.id, p.nombre, p.descripcion, e.musculo, e.ejercicio from joacosch.planes p, joacosch.ejercicios e\r\n                                          where p.id_ejercicio=e.id","params":[],"error":"ERROR:  column e.musculo does not exist\nLINE 1: select p.id, p.nombre, p.descripcion, e.musculo, e.ejercicio...\n                                              ^","time":"3.96ms"}
[2026-03-16 11:42:05] [ERROR] Error en consulta {"sql":"select p.id, p.nombre, p.descripcion, e.musculo, e.ejercicio from joacosch.planes p, joacosch.ejercicios e\r\n                                          where p.id_ejercicio=e.id","params":[],"exception":"ERROR:  column e.musculo does not exist\nLINE 1: select p.id, p.nombre, p.descripcion, e.musculo, e.ejercicio...\n                                              ^"}
[2026-03-16 11:50:08] [ERROR] Error SQL {"sql":"select p.id, p.nombre, p.descripcion, e.grupo_muscular, e.ejercicio from joacosch.planes p, joacosch.ejercicios e\r\n                                          where p.id_ejercicio=e.id","params":[],"error":"ERROR:  column e.ejercicio does not exist\nLINE 1: ... p.id, p.nombre, p.descripcion, e.grupo_muscular, e.ejercici...\n                                                             ^","time":"2.89ms"}
[2026-03-16 11:50:08] [ERROR] Error en consulta {"sql":"select p.id, p.nombre, p.descripcion, e.grupo_muscular, e.ejercicio from joacosch.planes p, joacosch.ejercicios e\r\n                                          where p.id_ejercicio=e.id","params":[],"exception":"ERROR:  column e.ejercicio does not exist\nLINE 1: ... p.id, p.nombre, p.descripcion, e.grupo_muscular, e.ejercici...\n                                                             ^"}
[2026-03-17 20:07:23] [ERROR] Error SQL {"sql":"INSERT INTO joacosch.ejercicios (grupomuscular, nombre, categoria, dificultad, explicacion) VALUES ($1, $2, $3, $4, $5) RETURNING id","params":[null,null,"Fuerza","Basico",""],"error":"ERROR:  column \"grupomuscular\" of relation \"ejercicios\" does not exist\nLINE 1: INSERT INTO joacosch.ejercicios (grupomuscular, nombre, cate...\n                                         ^","time":"20.86ms"}
[2026-03-17 20:07:23] [ERROR] Error en consulta {"sql":"INSERT INTO joacosch.ejercicios (grupomuscular, nombre, categoria, dificultad, explicacion) VALUES ($1, $2, $3, $4, $5) RETURNING id","params":[null,null,"Fuerza","Basico",""],"exception":"ERROR:  column \"grupomuscular\" of relation \"ejercicios\" does not exist\nLINE 1: INSERT INTO joacosch.ejercicios (grupomuscular, nombre, cate...\n                                         ^"}
[2026-03-17 20:15:15] [ERROR] Error SQL {"sql":"INSERT INTO joacosch.ejercicios (grupomuscular, nombre, categoria, dificultad, explicacion) VALUES ($1, $2, $3, $4, $5) RETURNING id","params":[null,null,"Fuerza","Basico",""],"error":"ERROR:  column \"grupomuscular\" of relation \"ejercicios\" does not exist\nLINE 1: INSERT INTO joacosch.ejercicios (grupomuscular, nombre, cate...\n                                         ^","time":"25767.54ms"}
[2026-03-17 20:15:15] [ERROR] Error en consulta {"sql":"INSERT INTO joacosch.ejercicios (grupomuscular, nombre, categoria, dificultad, explicacion) VALUES ($1, $2, $3, $4, $5) RETURNING id","params":[null,null,"Fuerza","Basico",""],"exception":"ERROR:  column \"grupomuscular\" of relation \"ejercicios\" does not exist\nLINE 1: INSERT INTO joacosch.ejercicios (grupomuscular, nombre, cate...\n                                         ^"}
[2026-03-17 20:21:46] [ERROR] Error SQL {"sql":"INSERT INTO joacosch.ejercicios (grupomuscular, nombre, categoria, dificultad, explicacion) VALUES ($1, $2, $3, $4, $5) RETURNING id","params":[null,null,"Fuerza","Basico",""],"error":"ERROR:  column \"grupomuscular\" of relation \"ejercicios\" does not exist\nLINE 1: INSERT INTO joacosch.ejercicios (grupomuscular, nombre, cate...\n                                         ^","time":"978.9ms"}
[2026-03-17 20:21:46] [ERROR] Error en consulta {"sql":"INSERT INTO joacosch.ejercicios (grupomuscular, nombre, categoria, dificultad, explicacion) VALUES ($1, $2, $3, $4, $5) RETURNING id","params":[null,null,"Fuerza","Basico",""],"exception":"ERROR:  column \"grupomuscular\" of relation \"ejercicios\" does not exist\nLINE 1: INSERT INTO joacosch.ejercicios (grupomuscular, nombre, cate...\n                                         ^"}
[2026-03-17 20:21:53] [ERROR] Error SQL {"sql":"INSERT INTO joacosch.ejercicios (grupomuscular, nombre, categoria, dificultad, explicacion) VALUES ($1, $2, $3, $4, $5) RETURNING id","params":[null,null,"Fuerza","Basico",""],"error":"ERROR:  column \"grupomuscular\" of relation \"ejercicios\" does not exist\nLINE 1: INSERT INTO joacosch.ejercicios (grupomuscular, nombre, cate...\n                                         ^","time":"909.77ms"}
[2026-03-17 20:21:53] [ERROR] Error en consulta {"sql":"INSERT INTO joacosch.ejercicios (grupomuscular, nombre, categoria, dificultad, explicacion) VALUES ($1, $2, $3, $4, $5) RETURNING id","params":[null,null,"Fuerza","Basico",""],"exception":"ERROR:  column \"grupomuscular\" of relation \"ejercicios\" does not exist\nLINE 1: INSERT INTO joacosch.ejercicios (grupomuscular, nombre, cate...\n                                         ^"}
[2026-03-17 20:35:45] [ERROR] Error SQL {"sql":"INSERT INTO joacosch.ejercicios (grupo_muscular, nombre, categoria, dificultad, explicacion) VALUES ($1, $2, $3, $4, $5) RETURNING id","params":[null,"Pablo","Fuerza","Basico",""],"error":"ERROR:  column \"explicacion\" of relation \"ejercicios\" does not exist\nLINE 1: ...s (grupo_muscular, nombre, categoria, dificultad, explicacio...\n                                                             ^","time":"2.98ms"}
[2026-03-17 20:35:45] [ERROR] Error en consulta {"sql":"INSERT INTO joacosch.ejercicios (grupo_muscular, nombre, categoria, dificultad, explicacion) VALUES ($1, $2, $3, $4, $5) RETURNING id","params":[null,"Pablo","Fuerza","Basico",""],"exception":"ERROR:  column \"explicacion\" of relation \"ejercicios\" does not exist\nLINE 1: ...s (grupo_muscular, nombre, categoria, dificultad, explicacio...\n                                                             ^"}
[2026-03-17 20:40:01] [ERROR] Error SQL {"sql":"INSERT INTO joacosch.ejercicios (grupo_muscular, nombre, categoria, dificultad, explicacion) VALUES ($1, $2, $3, $4, $5) RETURNING id","params":[null,"Pablo","Fuerza","Basico",""],"error":"ERROR:  column \"explicacion\" of relation \"ejercicios\" does not exist\nLINE 1: ...s (grupo_muscular, nombre, categoria, dificultad, explicacio...\n                                                             ^","time":"2.48ms"}
[2026-03-17 20:40:01] [ERROR] Error en consulta {"sql":"INSERT INTO joacosch.ejercicios (grupo_muscular, nombre, categoria, dificultad, explicacion) VALUES ($1, $2, $3, $4, $5) RETURNING id","params":[null,"Pablo","Fuerza","Basico",""],"exception":"ERROR:  column \"explicacion\" of relation \"ejercicios\" does not exist\nLINE 1: ...s (grupo_muscular, nombre, categoria, dificultad, explicacio...\n                                                             ^"}
[2026-03-17 20:40:23] [ERROR] Error SQL {"sql":"INSERT INTO joacosch.ejercicios (grupo_muscular, nombre, categoria, dificultad, explicacion) VALUES ($1, $2, $3, $4, $5) RETURNING id","params":[null,"Pablo","Fuerza","Basico",""],"error":"ERROR:  column \"explicacion\" of relation \"ejercicios\" does not exist\nLINE 1: ...s (grupo_muscular, nombre, categoria, dificultad, explicacio...\n                                                             ^","time":"3ms"}
[2026-03-17 20:40:23] [ERROR] Error en consulta {"sql":"INSERT INTO joacosch.ejercicios (grupo_muscular, nombre, categoria, dificultad, explicacion) VALUES ($1, $2, $3, $4, $5) RETURNING id","params":[null,"Pablo","Fuerza","Basico",""],"exception":"ERROR:  column \"explicacion\" of relation \"ejercicios\" does not exist\nLINE 1: ...s (grupo_muscular, nombre, categoria, dificultad, explicacio...\n                                                             ^"}
[2026-03-17 20:50:37] [ERROR] Error SQL {"sql":"INSERT INTO joacosch.ejercicios (grupomuscular, nombre, categoria, dificultad, explicacion) VALUES ($1, $2, $3, $4, $5) RETURNING id","params":["gf","Pablo","Fuerza","Basico",""],"error":"ERROR:  column \"grupomuscular\" of relation \"ejercicios\" does not exist\nLINE 1: INSERT INTO joacosch.ejercicios (grupomuscular, nombre, cate...\n                                         ^","time":"2.37ms"}
[2026-03-17 20:50:37] [ERROR] Error en consulta {"sql":"INSERT INTO joacosch.ejercicios (grupomuscular, nombre, categoria, dificultad, explicacion) VALUES ($1, $2, $3, $4, $5) RETURNING id","params":["gf","Pablo","Fuerza","Basico",""],"exception":"ERROR:  column \"grupomuscular\" of relation \"ejercicios\" does not exist\nLINE 1: INSERT INTO joacosch.ejercicios (grupomuscular, nombre, cate...\n                                         ^"}
[2026-03-17 20:52:25] [ERROR] Error SQL {"sql":"INSERT INTO joacosch.ejercicios (grupo_muscular, nombre, categoria, dificultad, explicacion) VALUES ($1, $2, $3, $4, $5) RETURNING id","params":["gfds","Pablo","Fuerza","Basico",""],"error":"ERROR:  column \"explicacion\" of relation \"ejercicios\" does not exist\nLINE 1: ...s (grupo_muscular, nombre, categoria, dificultad, explicacio...\n                                                             ^","time":"3.37ms"}
[2026-03-17 20:52:25] [ERROR] Error en consulta {"sql":"INSERT INTO joacosch.ejercicios (grupo_muscular, nombre, categoria, dificultad, explicacion) VALUES ($1, $2, $3, $4, $5) RETURNING id","params":["gfds","Pablo","Fuerza","Basico",""],"exception":"ERROR:  column \"explicacion\" of relation \"ejercicios\" does not exist\nLINE 1: ...s (grupo_muscular, nombre, categoria, dificultad, explicacio...\n                                                             ^"}
[2026-03-18 18:50:38] [ERROR] Error SQL {"sql":"INSERT INTO joacosch.planes (nombrePlan, descripcion, id_ejercicio, series, repeticiones, peso) VALUES ($1, $2, $3, $4, $5, $6) RETURNING id","params":["dd","",29,3,10,""],"error":"ERROR:  column \"nombreplan\" of relation \"planes\" does not exist\nLINE 1: INSERT INTO joacosch.planes (nombrePlan, descripcion, id_eje...\n                                     ^","time":"3533.01ms"}
[2026-03-18 18:50:39] [ERROR] Error en consulta {"sql":"INSERT INTO joacosch.planes (nombrePlan, descripcion, id_ejercicio, series, repeticiones, peso) VALUES ($1, $2, $3, $4, $5, $6) RETURNING id","params":["dd","",29,3,10,""],"exception":"ERROR:  column \"nombreplan\" of relation \"planes\" does not exist\nLINE 1: INSERT INTO joacosch.planes (nombrePlan, descripcion, id_eje...\n                                     ^"}
[2026-03-18 18:51:56] [ERROR] Error SQL {"sql":"INSERT INTO joacosch.planes (nombrePlan, descripcion, id_ejercicio, series, repeticiones, peso) VALUES ($1, $2, $3, $4, $5, $6) RETURNING id","params":["pp","",29,3,10,""],"error":"ERROR:  column \"nombreplan\" of relation \"planes\" does not exist\nLINE 1: INSERT INTO joacosch.planes (nombrePlan, descripcion, id_eje...\n                                     ^","time":"1783.02ms"}
[2026-03-18 18:51:56] [ERROR] Error en consulta {"sql":"INSERT INTO joacosch.planes (nombrePlan, descripcion, id_ejercicio, series, repeticiones, peso) VALUES ($1, $2, $3, $4, $5, $6) RETURNING id","params":["pp","",29,3,10,""],"exception":"ERROR:  column \"nombreplan\" of relation \"planes\" does not exist\nLINE 1: INSERT INTO joacosch.planes (nombrePlan, descripcion, id_eje...\n                                     ^"}
[2026-03-18 18:53:45] [ERROR] Error SQL {"sql":"INSERT INTO joacosch.planes (nombre, descripcion, id_ejercicio, series, repeticiones, peso) VALUES ($1, $2, $3, $4, $5, $6) RETURNING id","params":["pp","",29,3,10,""],"error":"ERROR:  invalid input syntax for type integer: \"\"\nLINE 1: ...iciones, peso) VALUES ('pp', '', '29', '3', '10', '') RETURN...\n                                                             ^","time":"10043.22ms"}
[2026-03-18 18:53:45] [ERROR] Error en consulta {"sql":"INSERT INTO joacosch.planes (nombre, descripcion, id_ejercicio, series, repeticiones, peso) VALUES ($1, $2, $3, $4, $5, $6) RETURNING id","params":["pp","",29,3,10,""],"exception":"ERROR:  invalid input syntax for type integer: \"\"\nLINE 1: ...iciones, peso) VALUES ('pp', '', '29', '3', '10', '') RETURN...\n                                                             ^"}
[2026-03-18 18:57:10] [INFO] Consulta lenta {"sql":"INSERT INTO joacosch.planes (nombre, descripcion, id_ejercicio, series, repeticiones, peso) VALUES ($1, $2, $3, $4, $5, $6) RETURNING id","time":"4254.73ms"}
[2026-03-18 19:19:59] [INFO] Consulta lenta {"sql":"INSERT INTO joacosch.planes (nombre, descripcion, id_ejercicio, series, repeticiones, peso) VALUES ($1, $2, $3, $4, $5, $6) RETURNING id","time":"17595.95ms"}
[2026-03-24 15:56:54] [ERROR] Error SQL {"sql":"INSERT INTO joacosch.planes (nombre, descripcion, enombre, id_ejercicio, series, repeticiones, peso) VALUES ($1, $2, $3, $4, $5, $6, $7) RETURNING id","params":["joaco full","",null,2,3,10,0],"error":"ERROR:  column \"enombre\" of relation \"planes\" does not exist\nLINE 1: INSERT INTO joacosch.planes (nombre, descripcion, enombre, i...\n                                                          ^","time":"4.32ms"}
[2026-03-24 15:56:54] [ERROR] Error en consulta {"sql":"INSERT INTO joacosch.planes (nombre, descripcion, enombre, id_ejercicio, series, repeticiones, peso) VALUES ($1, $2, $3, $4, $5, $6, $7) RETURNING id","params":["joaco full","",null,2,3,10,0],"exception":"ERROR:  column \"enombre\" of relation \"planes\" does not exist\nLINE 1: INSERT INTO joacosch.planes (nombre, descripcion, enombre, i...\n                                                          ^"}
[2026-03-24 15:56:54] [ERROR] Error SQL {"sql":"INSERT INTO joacosch.planes (nombre, descripcion, enombre, id_ejercicio, series, repeticiones, peso) VALUES ($1, $2, $3, $4, $5, $6, $7) RETURNING id","params":["joaco full","",null,1,3,10,0],"error":"ERROR:  column \"enombre\" of relation \"planes\" does not exist\nLINE 1: INSERT INTO joacosch.planes (nombre, descripcion, enombre, i...\n                                                          ^","time":"1.49ms"}
[2026-03-24 15:56:54] [ERROR] Error en consulta {"sql":"INSERT INTO joacosch.planes (nombre, descripcion, enombre, id_ejercicio, series, repeticiones, peso) VALUES ($1, $2, $3, $4, $5, $6, $7) RETURNING id","params":["joaco full","",null,1,3,10,0],"exception":"ERROR:  column \"enombre\" of relation \"planes\" does not exist\nLINE 1: INSERT INTO joacosch.planes (nombre, descripcion, enombre, i...\n                                                          ^"}
[2026-03-24 15:59:55] [ERROR] Error SQL {"sql":"INSERT INTO joacosch.planes (nombre, descripcion, enombre, id_ejercicio, series, repeticiones, peso) VALUES ($1, $2, $3, $4, $5, $6, $7) RETURNING id","params":["joaco full","",null,29,3,10,0],"error":"ERROR:  column \"enombre\" of relation \"planes\" does not exist\nLINE 1: INSERT INTO joacosch.planes (nombre, descripcion, enombre, i...\n                                                          ^","time":"2.19ms"}
[2026-03-24 15:59:55] [ERROR] Error en consulta {"sql":"INSERT INTO joacosch.planes (nombre, descripcion, enombre, id_ejercicio, series, repeticiones, peso) VALUES ($1, $2, $3, $4, $5, $6, $7) RETURNING id","params":["joaco full","",null,29,3,10,0],"exception":"ERROR:  column \"enombre\" of relation \"planes\" does not exist\nLINE 1: INSERT INTO joacosch.planes (nombre, descripcion, enombre, i...\n                                                          ^"}
[2026-03-24 15:59:55] [ERROR] Error SQL {"sql":"INSERT INTO joacosch.planes (nombre, descripcion, enombre, id_ejercicio, series, repeticiones, peso) VALUES ($1, $2, $3, $4, $5, $6, $7) RETURNING id","params":["joaco full","",null,23,3,10,0],"error":"ERROR:  column \"enombre\" of relation \"planes\" does not exist\nLINE 1: INSERT INTO joacosch.planes (nombre, descripcion, enombre, i...\n                                                          ^","time":"1.59ms"}
[2026-03-24 15:59:55] [ERROR] Error en consulta {"sql":"INSERT INTO joacosch.planes (nombre, descripcion, enombre, id_ejercicio, series, repeticiones, peso) VALUES ($1, $2, $3, $4, $5, $6, $7) RETURNING id","params":["joaco full","",null,23,3,10,0],"exception":"ERROR:  column \"enombre\" of relation \"planes\" does not exist\nLINE 1: INSERT INTO joacosch.planes (nombre, descripcion, enombre, i...\n                                                          ^"}
[2026-03-24 18:00:02] [ERROR] Error SQL {"sql":"INSERT INTO joacosch.planes (pnombre, descripcion, nombre, id_ejercicio, series, repeticiones, peso) VALUES ($1, $2, $3, $4, $5, $6, $7) RETURNING id","params":[null,"","joaco full",29,3,10,0],"error":"ERROR:  column \"pnombre\" of relation \"planes\" does not exist\nLINE 1: INSERT INTO joacosch.planes (pnombre, descripcion, nombre, i...\n                                     ^","time":"4204.09ms"}
[2026-03-24 18:00:02] [ERROR] Error en consulta {"sql":"INSERT INTO joacosch.planes (pnombre, descripcion, nombre, id_ejercicio, series, repeticiones, peso) VALUES ($1, $2, $3, $4, $5, $6, $7) RETURNING id","params":[null,"","joaco full",29,3,10,0],"exception":"ERROR:  column \"pnombre\" of relation \"planes\" does not exist\nLINE 1: INSERT INTO joacosch.planes (pnombre, descripcion, nombre, i...\n                                     ^"}
[2026-03-24 18:00:05] [ERROR] Error SQL {"sql":"INSERT INTO joacosch.planes (pnombre, descripcion, nombre, id_ejercicio, series, repeticiones, peso) VALUES ($1, $2, $3, $4, $5, $6, $7) RETURNING id","params":[null,"","joaco full",23,3,10,0],"error":"ERROR:  column \"pnombre\" of relation \"planes\" does not exist\nLINE 1: INSERT INTO joacosch.planes (pnombre, descripcion, nombre, i...\n                                     ^","time":"2.13ms"}
[2026-03-24 18:00:05] [ERROR] Error en consulta {"sql":"INSERT INTO joacosch.planes (pnombre, descripcion, nombre, id_ejercicio, series, repeticiones, peso) VALUES ($1, $2, $3, $4, $5, $6, $7) RETURNING id","params":[null,"","joaco full",23,3,10,0],"exception":"ERROR:  column \"pnombre\" of relation \"planes\" does not exist\nLINE 1: INSERT INTO joacosch.planes (pnombre, descripcion, nombre, i...\n                                     ^"}
[2026-03-24 18:16:36] [INFO] Consulta lenta {"sql":"INSERT INTO joacosch.planes (descripcion, nombre, id_ejercicio, series, repeticiones, peso) VALUES ($1, $2, $3, $4, $5, $6) RETURNING id","time":"188139.98ms"}
[2026-03-27 19:18:58] [ERROR] Error SQL {"sql":"INSERT INTO joacosch.usuarios (nombre, apellido, correo, fechanac, comentario, fecharegistro) VALUES ($1, $2, $3, $4, $5, $6) RETURNING id","params":["Pablo","Gabriel","pablogabriel62@gmail.com","","63","2026-03-27 19:18:58"],"error":"ERROR:  invalid input syntax for type date: \"\"\nLINE 1: ... ('Pablo', 'Gabriel', 'pablogabriel62@gmail.com', '', '63', ...\n                                                             ^","time":"6.08ms"}
[2026-03-27 19:18:58] [ERROR] Error en consulta {"sql":"INSERT INTO joacosch.usuarios (nombre, apellido, correo, fechanac, comentario, fecharegistro) VALUES ($1, $2, $3, $4, $5, $6) RETURNING id","params":["Pablo","Gabriel","pablogabriel62@gmail.com","","63","2026-03-27 19:18:58"],"exception":"ERROR:  invalid input syntax for type date: \"\"\nLINE 1: ... ('Pablo', 'Gabriel', 'pablogabriel62@gmail.com', '', '63', ...\n                                                             ^"}
[2026-03-27 19:20:24] [ERROR] Error SQL {"sql":"INSERT INTO joacosch.usuarios (nombre, apellido, correo, fechanac, comentario, fecharegistro) VALUES ($1, $2, $3, $4, $5, $6) RETURNING id","params":["Pablo","Gabriel","pablogabriel@gmail.com","","63","2026-03-27 19:20:24"],"error":"ERROR:  invalid input syntax for type date: \"\"\nLINE 1: ...ES ('Pablo', 'Gabriel', 'pablogabriel@gmail.com', '', '63', ...\n                                                             ^","time":"4.01ms"}
[2026-03-27 19:20:24] [ERROR] Error en consulta {"sql":"INSERT INTO joacosch.usuarios (nombre, apellido, correo, fechanac, comentario, fecharegistro) VALUES ($1, $2, $3, $4, $5, $6) RETURNING id","params":["Pablo","Gabriel","pablogabriel@gmail.com","","63","2026-03-27 19:20:24"],"exception":"ERROR:  invalid input syntax for type date: \"\"\nLINE 1: ...ES ('Pablo', 'Gabriel', 'pablogabriel@gmail.com', '', '63', ...\n                                                             ^"}
[2026-03-27 19:26:58] [ERROR] Error SQL {"sql":"INSERT INTO joacosch.usuarios (nombre, apellido, correo, fechanac, comentario, fecharegistro) VALUES ($1, $2, $3, $4, $5, $6) RETURNING id","params":["Pablo","Gabriel","pablogabriel@gmail.com","","63","2026-03-27 19:26:58"],"error":"ERROR:  invalid input syntax for type date: \"\"\nLINE 1: ...ES ('Pablo', 'Gabriel', 'pablogabriel@gmail.com', '', '63', ...\n                                                             ^","time":"3.38ms"}
[2026-03-27 19:26:58] [ERROR] Error en consulta {"sql":"INSERT INTO joacosch.usuarios (nombre, apellido, correo, fechanac, comentario, fecharegistro) VALUES ($1, $2, $3, $4, $5, $6) RETURNING id","params":["Pablo","Gabriel","pablogabriel@gmail.com","","63","2026-03-27 19:26:58"],"exception":"ERROR:  invalid input syntax for type date: \"\"\nLINE 1: ...ES ('Pablo', 'Gabriel', 'pablogabriel@gmail.com', '', '63', ...\n                                                             ^"}
[2026-03-27 19:27:45] [ERROR] Error SQL {"sql":"INSERT INTO joacosch.usuarios (nombre, apellido, correo, fechanac, comentario, fecharegistro) VALUES ($1, $2, $3, $4, $5, $6) RETURNING id","params":["Pablo","Gabriel","pablogabriel@gmail.com","","63","2026-03-27 19:27:45"],"error":"ERROR:  invalid input syntax for type date: \"\"\nLINE 1: ...ES ('Pablo', 'Gabriel', 'pablogabriel@gmail.com', '', '63', ...\n                                                             ^","time":"2.37ms"}
[2026-03-27 19:27:45] [ERROR] Error en consulta {"sql":"INSERT INTO joacosch.usuarios (nombre, apellido, correo, fechanac, comentario, fecharegistro) VALUES ($1, $2, $3, $4, $5, $6) RETURNING id","params":["Pablo","Gabriel","pablogabriel@gmail.com","","63","2026-03-27 19:27:45"],"exception":"ERROR:  invalid input syntax for type date: \"\"\nLINE 1: ...ES ('Pablo', 'Gabriel', 'pablogabriel@gmail.com', '', '63', ...\n                                                             ^"}
[2026-03-27 19:47:55] [ERROR] Error SQL {"sql":"UPDATE joacosch.Usuarios SET nombre = $1, apellido = $2, correo = $3, fechaNacimiento = $4, comentario = $5, id = $6 WHERE id = $7 RETURNING *","params":["Pablo","Gabriel","pablogabriel62@gmail.com","1962-07-26","63",2,2],"error":"ERROR:  column \"fechanacimiento\" of relation \"usuarios\" does not exist\nLINE 1: ...= 'Gabriel', correo = 'pablogabriel62@gmail.com', fechaNacim...\n                                                             ^","time":"3.82ms"}
[2026-03-27 19:47:55] [ERROR] Error en consulta {"sql":"UPDATE joacosch.Usuarios SET nombre = $1, apellido = $2, correo = $3, fechaNacimiento = $4, comentario = $5, id = $6 WHERE id = $7 RETURNING *","params":["Pablo","Gabriel","pablogabriel62@gmail.com","1962-07-26","63",2,2],"exception":"ERROR:  column \"fechanacimiento\" of relation \"usuarios\" does not exist\nLINE 1: ...= 'Gabriel', correo = 'pablogabriel62@gmail.com', fechaNacim...\n                                                             ^"}
[2026-03-27 19:49:11] [ERROR] Error SQL {"sql":"UPDATE joacosch.Usuarios SET nombre = $1, apellido = $2, correo = $3, fechaNacimiento = $4, comentario = $5, id = $6 WHERE id = $7 RETURNING *","params":["Pablo","Gabriel","pablogabriel62@gmail.com","1962-07-26","63",2,2],"error":"ERROR:  column \"fechanacimiento\" of relation \"usuarios\" does not exist\nLINE 1: ...= 'Gabriel', correo = 'pablogabriel62@gmail.com', fechaNacim...\n                                                             ^","time":"2.21ms"}
[2026-03-27 19:49:11] [ERROR] Error en consulta {"sql":"UPDATE joacosch.Usuarios SET nombre = $1, apellido = $2, correo = $3, fechaNacimiento = $4, comentario = $5, id = $6 WHERE id = $7 RETURNING *","params":["Pablo","Gabriel","pablogabriel62@gmail.com","1962-07-26","63",2,2],"exception":"ERROR:  column \"fechanacimiento\" of relation \"usuarios\" does not exist\nLINE 1: ...= 'Gabriel', correo = 'pablogabriel62@gmail.com', fechaNacim...\n                                                             ^"}
[2026-03-27 19:50:33] [ERROR] Error SQL {"sql":"UPDATE joacosch.Usuarios SET nombre = $1, apellido = $2, correo = $3, fechaNacimiento = $4, comentario = $5, id = $6 WHERE id = $7 RETURNING *","params":["Pablo","Gabriel","pablogabriel62@gmail.com","1962-07-26","63",2,2],"error":"ERROR:  column \"fechanacimiento\" of relation \"usuarios\" does not exist\nLINE 1: ...= 'Gabriel', correo = 'pablogabriel62@gmail.com', fechaNacim...\n                                                             ^","time":"2.6ms"}
[2026-03-27 19:50:33] [ERROR] Error en consulta {"sql":"UPDATE joacosch.Usuarios SET nombre = $1, apellido = $2, correo = $3, fechaNacimiento = $4, comentario = $5, id = $6 WHERE id = $7 RETURNING *","params":["Pablo","Gabriel","pablogabriel62@gmail.com","1962-07-26","63",2,2],"exception":"ERROR:  column \"fechanacimiento\" of relation \"usuarios\" does not exist\nLINE 1: ...= 'Gabriel', correo = 'pablogabriel62@gmail.com', fechaNacim...\n                                                             ^"}
[2026-03-27 19:52:41] [ERROR] Error SQL {"sql":"UPDATE joacosch.Usuarios SET nombre = $1, apellido = $2, correo = $3, fechaNacimiento = $4, comentario = $5, id = $6 WHERE id = $7 RETURNING *","params":["Pablo","Gabriel","pablogabriel62@gmail.com","1962-07-26","63",2,2],"error":"ERROR:  column \"fechanacimiento\" of relation \"usuarios\" does not exist\nLINE 1: ...= 'Gabriel', correo = 'pablogabriel62@gmail.com', fechaNacim...\n                                                             ^","time":"3.99ms"}
[2026-03-27 19:52:41] [ERROR] Error en consulta {"sql":"UPDATE joacosch.Usuarios SET nombre = $1, apellido = $2, correo = $3, fechaNacimiento = $4, comentario = $5, id = $6 WHERE id = $7 RETURNING *","params":["Pablo","Gabriel","pablogabriel62@gmail.com","1962-07-26","63",2,2],"exception":"ERROR:  column \"fechanacimiento\" of relation \"usuarios\" does not exist\nLINE 1: ...= 'Gabriel', correo = 'pablogabriel62@gmail.com', fechaNacim...\n                                                             ^"}
[2026-03-27 19:53:20] [ERROR] Error SQL {"sql":"UPDATE joacosch.Usuarios SET nombre = $1, apellido = $2, correo = $3, fechaNacimiento = $4, comentario = $5, id = $6 WHERE id = $7 RETURNING *","params":["Pablo","Gabriel","pablogabriel62@gmail.com","1962-07-26","63",2,2],"error":"ERROR:  column \"fechanacimiento\" of relation \"usuarios\" does not exist\nLINE 1: ...= 'Gabriel', correo = 'pablogabriel62@gmail.com', fechaNacim...\n                                                             ^","time":"1.5ms"}
[2026-03-27 19:53:20] [ERROR] Error en consulta {"sql":"UPDATE joacosch.Usuarios SET nombre = $1, apellido = $2, correo = $3, fechaNacimiento = $4, comentario = $5, id = $6 WHERE id = $7 RETURNING *","params":["Pablo","Gabriel","pablogabriel62@gmail.com","1962-07-26","63",2,2],"exception":"ERROR:  column \"fechanacimiento\" of relation \"usuarios\" does not exist\nLINE 1: ...= 'Gabriel', correo = 'pablogabriel62@gmail.com', fechaNacim...\n                                                             ^"}
[2026-03-27 19:58:57] [ERROR] Error SQL {"sql":"UPDATE joacosch.Usuarios SET nombre = $1, apellido = $2, correo = $3, fechaNacimiento = $4, comentario = $5, id = $6 WHERE id = $7 RETURNING *","params":["Pablo","Gabriel","pablogabriel62@gmail.com","1962-07-26","63",2,2],"error":"ERROR:  column \"fechanacimiento\" of relation \"usuarios\" does not exist\nLINE 1: ...= 'Gabriel', correo = 'pablogabriel62@gmail.com', fechaNacim...\n                                                             ^","time":"88674.14ms"}
[2026-03-27 20:00:01] [ERROR] Error en consulta {"sql":"UPDATE joacosch.Usuarios SET nombre = $1, apellido = $2, correo = $3, fechaNacimiento = $4, comentario = $5, id = $6 WHERE id = $7 RETURNING *","params":["Pablo","Gabriel","pablogabriel62@gmail.com","1962-07-26","63",2,2],"exception":"ERROR:  column \"fechanacimiento\" of relation \"usuarios\" does not exist\nLINE 1: ...= 'Gabriel', correo = 'pablogabriel62@gmail.com', fechaNacim...\n                                                             ^"}
[2026-04-01 14:20:47] [ERROR] Error SQL {"sql":"DELETE FROM joacosch.planes WHERE ID=Array","params":[],"error":"ERROR:  syntax error at end of input\nLINE 1: DELETE FROM joacosch.planes WHERE ID=Array\n                                                  ^","time":"2.59ms"}
[2026-04-01 14:20:47] [ERROR] Error en consulta {"sql":"DELETE FROM joacosch.planes WHERE ID=Array","params":[],"exception":"ERROR:  syntax error at end of input\nLINE 1: DELETE FROM joacosch.planes WHERE ID=Array\n                                                  ^"}
[2026-04-01 14:23:36] [ERROR] Error SQL {"sql":"DELETE FROM joacosch.planes WHERE ID=Array","params":[],"error":"ERROR:  syntax error at end of input\nLINE 1: DELETE FROM joacosch.planes WHERE ID=Array\n                                                  ^","time":"3.62ms"}
[2026-04-01 14:23:36] [ERROR] Error en consulta {"sql":"DELETE FROM joacosch.planes WHERE ID=Array","params":[],"exception":"ERROR:  syntax error at end of input\nLINE 1: DELETE FROM joacosch.planes WHERE ID=Array\n                                                  ^"}
[2026-04-01 19:13:17] [ERROR] Error SQL {"sql":"select id from joacosch.planes where nombre=2","params":[],"error":"ERROR:  operator does not exist: text = integer\nLINE 1: select id from joacosch.planes where nombre=2\n                                                   ^\nHINT:  No operator matches the given name and argument types. You might need to add explicit type casts.","time":"4.86ms"}
[2026-04-01 19:13:17] [ERROR] Error en consulta {"sql":"select id from joacosch.planes where nombre=2","params":[],"exception":"ERROR:  operator does not exist: text = integer\nLINE 1: select id from joacosch.planes where nombre=2\n                                                   ^\nHINT:  No operator matches the given name and argument types. You might need to add explicit type casts."}
[2026-04-01 19:58:29] [ERROR] Error SQL {"sql":"select id from joacosch.planes where nombre=pp","params":[],"error":"ERROR:  column \"pp\" does not exist\nLINE 1: select id from joacosch.planes where nombre=pp\n                                                    ^","time":"2.56ms"}
[2026-04-01 19:58:29] [ERROR] Error en consulta {"sql":"select id from joacosch.planes where nombre=pp","params":[],"exception":"ERROR:  column \"pp\" does not exist\nLINE 1: select id from joacosch.planes where nombre=pp\n                                                    ^"}
[2026-04-01 20:08:33] [ERROR] Error SQL {"sql":"DELETE FROM joacosch.planes WHERE ID=Array","params":[],"error":"ERROR:  syntax error at end of input\nLINE 1: DELETE FROM joacosch.planes WHERE ID=Array\n                                                  ^","time":"2.76ms"}
[2026-04-01 20:08:33] [ERROR] Error en consulta {"sql":"DELETE FROM joacosch.planes WHERE ID=Array","params":[],"exception":"ERROR:  syntax error at end of input\nLINE 1: DELETE FROM joacosch.planes WHERE ID=Array\n                                                  ^"}
[2026-04-01 20:11:28] [ERROR] Error SQL {"sql":"DELETE FROM joacosch.planes WHERE ID=Array","params":[],"error":"ERROR:  syntax error at end of input\nLINE 1: DELETE FROM joacosch.planes WHERE ID=Array\n                                                  ^","time":"2.49ms"}
[2026-04-01 20:11:28] [ERROR] Error en consulta {"sql":"DELETE FROM joacosch.planes WHERE ID=Array","params":[],"exception":"ERROR:  syntax error at end of input\nLINE 1: DELETE FROM joacosch.planes WHERE ID=Array\n                                                  ^"}
[2026-04-02 18:01:26] [INFO] Consulta lenta {"sql":"select count(nombre) from joacosch.planes where nombre='joaco full'","time":"21220.99ms"}
